#
# There is insufficient memory for the Java Runtime Environment to continue.
# Native memory allocation (malloc) failed to allocate 887376 bytes for Chunk::new
# Possible reasons:
#   The system is out of physical RAM or swap space
#   In 32 bit mode, the process size limit was hit
# Possible solutions:
#   Reduce memory load on the system
#   Increase physical memory or swap space
#   Check if swap backing store is full
#   Use 64 bit Java on a 64 bit OS
#   Decrease Java heap size (-Xmx/-Xms)
#   Decrease number of Java threads
#   Decrease Java thread stack sizes (-Xss)
#   Set larger code cache with -XX:ReservedCodeCacheSize=
# This output file may be truncated or incomplete.
#
#  Out of Memory Error (allocation.cpp:390), pid=4220, tid=3176
#
# JRE version: Java(TM) SE Runtime Environment (8.0_60-b27) (build 1.8.0_60-b27)
# Java VM: Java HotSpot(TM) 64-Bit Server VM (25.60-b23 mixed mode windows-amd64 compressed oops)
# Failed to write core dump. Minidumps are not enabled by default on client versions of Windows
#

---------------  T H R E A D  ---------------

Current thread (0x0000000017d03800):  JavaThread "C2 CompilerThread0" daemon [_thread_in_native, id=3176, stack(0x0000000018460000,0x0000000018560000)]

Stack: [0x0000000018460000,0x0000000018560000]
[error occurred during error reporting (printing stack bounds), id 0xc0000005]

Native frames: (J=compiled Java code, j=interpreted, Vv=VM code, C=native code)


Current CompileTask:
C2:  41147 4703       4       sun.reflect.generics.parser.SignatureParser::parsePackageNameAndSimpleClassTypeSignature (139 bytes)


---------------  P R O C E S S  ---------------

Java Threads: ( => current thread )
  0x000000001afae800 JavaThread "DestroyJavaVM" [_thread_blocked, id=1768, stack(0x0000000002dc0000,0x0000000002ec0000)]
  0x000000001afab000 JavaThread "http-nio-8000-AsyncTimeout" daemon [_thread_blocked, id=4120, stack(0x00000000208e0000,0x00000000209e0000)]
  0x000000001afa7000 JavaThread "http-nio-8000-Acceptor-0" daemon [_thread_in_native, id=3620, stack(0x00000000207e0000,0x00000000208e0000)]
  0x000000001afaa000 JavaThread "http-nio-8000-ClientPoller-1" daemon [_thread_in_native, id=6220, stack(0x00000000206e0000,0x00000000207e0000)]
  0x000000001afa9800 JavaThread "http-nio-8000-ClientPoller-0" daemon [_thread_in_native, id=7312, stack(0x00000000205e0000,0x00000000206e0000)]
  0x000000001afa8000 JavaThread "http-nio-8000-exec-10" daemon [_thread_blocked, id=7828, stack(0x00000000202e0000,0x00000000203e0000)]
  0x000000001afa8800 JavaThread "http-nio-8000-exec-9" daemon [_thread_blocked, id=5504, stack(0x00000000201e0000,0x00000000202e0000)]
  0x000000001afa3800 JavaThread "http-nio-8000-exec-8" daemon [_thread_blocked, id=6300, stack(0x00000000200e0000,0x00000000201e0000)]
  0x000000001afa6800 JavaThread "http-nio-8000-exec-7" daemon [_thread_blocked, id=5200, stack(0x000000001ffe0000,0x00000000200e0000)]
  0x000000001afa5000 JavaThread "http-nio-8000-exec-6" daemon [_thread_blocked, id=1940, stack(0x000000001fee0000,0x000000001ffe0000)]
  0x000000001afa4000 JavaThread "http-nio-8000-exec-5" daemon [_thread_blocked, id=6800, stack(0x000000001fde0000,0x000000001fee0000)]
  0x000000001afa5800 JavaThread "http-nio-8000-exec-4" daemon [_thread_blocked, id=2400, stack(0x000000001fce0000,0x000000001fde0000)]
  0x000000001a885000 JavaThread "http-nio-8000-exec-3" daemon [_thread_blocked, id=3572, stack(0x000000001fbe0000,0x000000001fce0000)]
  0x000000001a884800 JavaThread "http-nio-8000-exec-2" daemon [_thread_in_native, id=2648, stack(0x000000001f9e0000,0x000000001fae0000)]
  0x000000001a883800 JavaThread "http-nio-8000-exec-1" daemon [_thread_blocked, id=4568, stack(0x000000001cdd0000,0x000000001ced0000)]
  0x000000001a880000 JavaThread "NioBlockingSelector.BlockPoller-1" daemon [_thread_in_native, id=4876, stack(0x000000001b7a0000,0x000000001b8a0000)]
  0x000000001a882000 JavaThread "DiscoveryClient-InstanceInfoReplicator-0" daemon [_thread_blocked, id=740, stack(0x000000001f6e0000,0x000000001f7e0000)]
  0x000000001a883000 JavaThread "DiscoveryClient-1" daemon [_thread_blocked, id=2756, stack(0x000000001f5e0000,0x000000001f6e0000)]
  0x000000001a881800 JavaThread "DiscoveryClient-0" daemon [_thread_blocked, id=5376, stack(0x000000001f4e0000,0x000000001f5e0000)]
  0x000000001a87e800 JavaThread "AsyncResolver-bootstrap-0" daemon [_thread_blocked, id=5044, stack(0x000000001f2e0000,0x000000001f3e0000)]
  0x000000001a880800 JavaThread "Eureka-JerseyClient-Conn-Cleaner2" daemon [_thread_blocked, id=684, stack(0x000000001dd40000,0x000000001de40000)]
  0x000000001a87f000 JavaThread "Eureka-JerseyClient-Conn-Cleaner2" daemon [_thread_blocked, id=6856, stack(0x000000001d2d0000,0x000000001d3d0000)]
  0x000000001bf84000 JavaThread "commons-pool-EvictionTimer" daemon [_thread_blocked, id=7160, stack(0x000000001d670000,0x000000001d770000)]
  0x000000001a908000 JavaThread "spring.cloud.inetutils" daemon [_thread_blocked, id=380, stack(0x000000001d840000,0x000000001d940000)]
  0x0000000018e2c000 JavaThread "container-0" [_thread_blocked, id=7048, stack(0x000000001d1d0000,0x000000001d2d0000)]
  0x00000000189cd000 JavaThread "ContainerBackgroundProcessor[StandardEngine[Tomcat]]" daemon [_thread_blocked, id=148, stack(0x000000001d0d0000,0x000000001d1d0000)]
  0x0000000017d79800 JavaThread "Service Thread" daemon [_thread_blocked, id=6280, stack(0x0000000018660000,0x0000000018760000)]
  0x0000000017d55000 JavaThread "C1 CompilerThread1" daemon [_thread_blocked, id=3180, stack(0x0000000018560000,0x0000000018660000)]
=>0x0000000017d03800 JavaThread "C2 CompilerThread0" daemon [_thread_in_native, id=3176, stack(0x0000000018460000,0x0000000018560000)]
  0x0000000017ce5800 JavaThread "Monitor Ctrl-Break" daemon [_thread_in_native, id=3116, stack(0x0000000018360000,0x0000000018460000)]
  0x0000000016881800 JavaThread "Attach Listener" daemon [_thread_blocked, id=5584, stack(0x0000000017660000,0x0000000017760000)]
  0x0000000016833800 JavaThread "Signal Dispatcher" daemon [_thread_blocked, id=7752, stack(0x0000000017560000,0x0000000017660000)]
  0x0000000002fbd800 JavaThread "Finalizer" daemon [_thread_blocked, id=8084, stack(0x0000000017460000,0x0000000017560000)]
  0x0000000002fb4800 JavaThread "Reference Handler" daemon [_thread_blocked, id=3916, stack(0x0000000017360000,0x0000000017460000)]

Other Threads:
  0x00000000167e5800 VMThread [stack: 0x0000000017260000,0x0000000017360000] [id=6876]
  0x0000000017dc1000 WatcherThread [stack: 0x0000000018760000,0x0000000018860000] [id=3636]

VM state:not at safepoint (normal execution)

VM Mutex/Monitor currently owned by a thread: None

Heap:
 PSYoungGen      total 327680K, used 43806K [0x00000000e0300000, 0x00000000f5e00000, 0x0000000100000000)
  eden space 313856K, 9% used [0x00000000e0300000,0x00000000e20a8c18,0x00000000f3580000)
  from space 13824K, 97% used [0x00000000f5080000,0x00000000f5d9ef98,0x00000000f5e00000)
  to   space 16896K, 0% used [0x00000000f3d00000,0x00000000f3d00000,0x00000000f4d80000)
 ParOldGen       total 67584K, used 20336K [0x00000000a0800000, 0x00000000a4a00000, 0x00000000e0300000)
  object space 67584K, 30% used [0x00000000a0800000,0x00000000a1bdc358,0x00000000a4a00000)
 Metaspace       used 45834K, capacity 46384K, committed 46720K, reserved 1089536K
  class space    used 5814K, capacity 5980K, committed 6016K, reserved 1048576K

Card table byte_map: [0x0000000012500000,0x0000000012800000] byte_map_base: 0x0000000011ffc000

Marking Bits: (ParMarkBitMap*) 0x000000006a94a5b0
 Begin Bits: [0x0000000012c00000, 0x00000000143e0000)
 End Bits:   [0x00000000143e0000, 0x0000000015bc0000)

Polling page: 0x00000000010a0000

CodeCache: size=245760Kb used=14843Kb max_used=15252Kb free=230916Kb
 bounds [0x0000000003140000, 0x0000000004040000, 0x0000000012140000]
 total_blobs=4590 nmethods=4099 adapters=405
 compilation: enabled

Compilation events (10 events):
Event: 41.102 Thread 0x0000000017d55000 4711       3       com.google.common.base.Preconditions::checkNotNull (14 bytes)
Event: 41.103 Thread 0x0000000017d55000 nmethod 4711 0x0000000003c2c2d0 code [0x0000000003c2c440, 0x0000000003c2c668]
Event: 41.115 Thread 0x0000000017d55000 4712       3       sun.reflect.UnsafeFieldAccessorFactory::newFieldAccessor (676 bytes)
Event: 41.118 Thread 0x0000000017d55000 nmethod 4712 0x0000000003855f90 code [0x00000000038565a0, 0x00000000038593f8]
Event: 41.126 Thread 0x0000000017d55000 4715       3       org.springframework.context.annotation.CommonAnnotationBeanPostProcessor::postProcessMergedBeanDefinition (27 bytes)
Event: 41.127 Thread 0x0000000017d55000 nmethod 4715 0x0000000003c43950 code [0x0000000003c43b00, 0x0000000003c43e78]
Event: 41.127 Thread 0x0000000017d55000 4716       3       org.springframework.beans.factory.annotation.AutowiredAnnotationBeanPostProcessor::postProcessMergedBeanDefinition (20 bytes)
Event: 41.127 Thread 0x0000000017d55000 nmethod 4716 0x00000000039da510 code [0x00000000039da680, 0x00000000039da898]
Event: 41.127 Thread 0x0000000017d55000 4717       3       org.springframework.beans.factory.annotation.RequiredAnnotationBeanPostProcessor::postProcessMergedBeanDefinition (1 bytes)
Event: 41.127 Thread 0x0000000017d55000 nmethod 4717 0x00000000039da1d0 code [0x00000000039da320, 0x00000000039da470]

GC Heap History (10 events):
Event: 12.536 GC heap before
{Heap before GC invocations=10 (full 1):
 PSYoungGen      total 162304K, used 161816K [0x00000000e0300000, 0x00000000eae80000, 0x0000000100000000)
  eden space 154112K, 100% used [0x00000000e0300000,0x00000000e9980000,0x00000000e9980000)
  from space 8192K, 94% used [0x00000000ea200000,0x00000000ea986000,0x00000000eaa00000)
  to   space 8704K, 0% used [0x00000000e9980000,0x00000000e9980000,0x00000000ea200000)
 ParOldGen       total 45056K, used 7281K [0x00000000a0800000, 0x00000000a3400000, 0x00000000e0300000)
  object space 45056K, 16% used [0x00000000a0800000,0x00000000a0f1c6e8,0x00000000a3400000)
 Metaspace       used 31601K, capacity 32008K, committed 32256K, reserved 1077248K
  class space    used 3901K, capacity 4013K, committed 4096K, reserved 1048576K
Event: 12.594 GC heap after
Heap after GC invocations=10 (full 1):
 PSYoungGen      total 162816K, used 8682K [0x00000000e0300000, 0x00000000ee800000, 0x0000000100000000)
  eden space 154112K, 0% used [0x00000000e0300000,0x00000000e0300000,0x00000000e9980000)
  from space 8704K, 99% used [0x00000000e9980000,0x00000000ea1fa8f8,0x00000000ea200000)
  to   space 11776K, 0% used [0x00000000edc80000,0x00000000edc80000,0x00000000ee800000)
 ParOldGen       total 45056K, used 11747K [0x00000000a0800000, 0x00000000a3400000, 0x00000000e0300000)
  object space 45056K, 26% used [0x00000000a0800000,0x00000000a1378cd0,0x00000000a3400000)
 Metaspace       used 31601K, capacity 32008K, committed 32256K, reserved 1077248K
  class space    used 3901K, capacity 4013K, committed 4096K, reserved 1048576K
}
Event: 15.611 GC heap before
{Heap before GC invocations=11 (full 1):
 PSYoungGen      total 162816K, used 162794K [0x00000000e0300000, 0x00000000ee800000, 0x0000000100000000)
  eden space 154112K, 100% used [0x00000000e0300000,0x00000000e9980000,0x00000000e9980000)
  from space 8704K, 99% used [0x00000000e9980000,0x00000000ea1fa8f8,0x00000000ea200000)
  to   space 11776K, 0% used [0x00000000edc80000,0x00000000edc80000,0x00000000ee800000)
 ParOldGen       total 45056K, used 11747K [0x00000000a0800000, 0x00000000a3400000, 0x00000000e0300000)
  object space 45056K, 26% used [0x00000000a0800000,0x00000000a1378cd0,0x00000000a3400000)
 Metaspace       used 34865K, capacity 35256K, committed 35456K, reserved 1081344K
  class space    used 4315K, capacity 4405K, committed 4480K, reserved 1048576K
Event: 15.696 GC heap after
Heap after GC invocations=11 (full 1):
 PSYoungGen      total 219648K, used 11758K [0x00000000e0300000, 0x00000000ef000000, 0x0000000100000000)
  eden space 207872K, 0% used [0x00000000e0300000,0x00000000e0300000,0x00000000ece00000)
  from space 11776K, 99% used [0x00000000edc80000,0x00000000ee7fb810,0x00000000ee800000)
  to   space 14848K, 0% used [0x00000000ece00000,0x00000000ece00000,0x00000000edc80000)
 ParOldGen       total 45056K, used 16750K [0x00000000a0800000, 0x00000000a3400000, 0x00000000e0300000)
  object space 45056K, 37% used [0x00000000a0800000,0x00000000a185b8b0,0x00000000a3400000)
 Metaspace       used 34865K, capacity 35256K, committed 35456K, reserved 1081344K
  class space    used 4315K, capacity 4405K, committed 4480K, reserved 1048576K
}
Event: 15.708 GC heap before
{Heap before GC invocations=12 (full 1):
 PSYoungGen      total 219648K, used 15257K [0x00000000e0300000, 0x00000000ef000000, 0x0000000100000000)
  eden space 207872K, 1% used [0x00000000e0300000,0x00000000e066af20,0x00000000ece00000)
  from space 11776K, 99% used [0x00000000edc80000,0x00000000ee7fb810,0x00000000ee800000)
  to   space 14848K, 0% used [0x00000000ece00000,0x00000000ece00000,0x00000000edc80000)
 ParOldGen       total 45056K, used 16750K [0x00000000a0800000, 0x00000000a3400000, 0x00000000e0300000)
  object space 45056K, 37% used [0x00000000a0800000,0x00000000a185b8b0,0x00000000a3400000)
 Metaspace       used 34900K, capacity 35256K, committed 35456K, reserved 1081344K
  class space    used 4319K, capacity 4405K, committed 4480K, reserved 1048576K
Event: 15.758 GC heap after
Heap after GC invocations=12 (full 1):
 PSYoungGen      total 222720K, used 96K [0x00000000e0300000, 0x00000000f5f80000, 0x0000000100000000)
  eden space 207872K, 0% used [0x00000000e0300000,0x00000000e0300000,0x00000000ece00000)
  from space 14848K, 0% used [0x00000000ece00000,0x00000000ece18000,0x00000000edc80000)
  to   space 15360K, 0% used [0x00000000f5080000,0x00000000f5080000,0x00000000f5f80000)
 ParOldGen       total 45056K, used 27432K [0x00000000a0800000, 0x00000000a3400000, 0x00000000e0300000)
  object space 45056K, 60% used [0x00000000a0800000,0x00000000a22ca0b8,0x00000000a3400000)
 Metaspace       used 34900K, capacity 35256K, committed 35456K, reserved 1081344K
  class space    used 4319K, capacity 4405K, committed 4480K, reserved 1048576K
}
Event: 15.758 GC heap before
{Heap before GC invocations=13 (full 2):
 PSYoungGen      total 222720K, used 96K [0x00000000e0300000, 0x00000000f5f80000, 0x0000000100000000)
  eden space 207872K, 0% used [0x00000000e0300000,0x00000000e0300000,0x00000000ece00000)
  from space 14848K, 0% used [0x00000000ece00000,0x00000000ece18000,0x00000000edc80000)
  to   space 15360K, 0% used [0x00000000f5080000,0x00000000f5080000,0x00000000f5f80000)
 ParOldGen       total 45056K, used 27432K [0x00000000a0800000, 0x00000000a3400000, 0x00000000e0300000)
  object space 45056K, 60% used [0x00000000a0800000,0x00000000a22ca0b8,0x00000000a3400000)
 Metaspace       used 34900K, capacity 35256K, committed 35456K, reserved 1081344K
  class space    used 4319K, capacity 4405K, committed 4480K, reserved 1048576K
Event: 16.234 GC heap after
Heap after GC invocations=13 (full 2):
 PSYoungGen      total 222720K, used 0K [0x00000000e0300000, 0x00000000f5f80000, 0x0000000100000000)
  eden space 207872K, 0% used [0x00000000e0300000,0x00000000e0300000,0x00000000ece00000)
  from space 14848K, 0% used [0x00000000ece00000,0x00000000ece00000,0x00000000edc80000)
  to   space 15360K, 0% used [0x00000000f5080000,0x00000000f5080000,0x00000000f5f80000)
 ParOldGen       total 67584K, used 20328K [0x00000000a0800000, 0x00000000a4a00000, 0x00000000e0300000)
  object space 67584K, 30% used [0x00000000a0800000,0x00000000a1bda358,0x00000000a4a00000)
 Metaspace       used 34900K, capacity 35256K, committed 35456K, reserved 1081344K
  class space    used 4319K, capacity 4405K, committed 4480K, reserved 1048576K
}
Event: 40.205 GC heap before
{Heap before GC invocations=14 (full 2):
 PSYoungGen      total 222720K, used 207872K [0x00000000e0300000, 0x00000000f5f80000, 0x0000000100000000)
  eden space 207872K, 100% used [0x00000000e0300000,0x00000000ece00000,0x00000000ece00000)
  from space 14848K, 0% used [0x00000000ece00000,0x00000000ece00000,0x00000000edc80000)
  to   space 15360K, 0% used [0x00000000f5080000,0x00000000f5080000,0x00000000f5f80000)
 ParOldGen       total 67584K, used 20328K [0x00000000a0800000, 0x00000000a4a00000, 0x00000000e0300000)
  object space 67584K, 30% used [0x00000000a0800000,0x00000000a1bda358,0x00000000a4a00000)
 Metaspace       used 45023K, capacity 45516K, committed 45824K, reserved 1089536K
  class space    used 5679K, capacity 5846K, committed 5888K, reserved 1048576K
Event: 40.260 GC heap after
Heap after GC invocations=14 (full 2):
 PSYoungGen      total 327680K, used 13435K [0x00000000e0300000, 0x00000000f5e00000, 0x0000000100000000)
  eden space 313856K, 0% used [0x00000000e0300000,0x00000000e0300000,0x00000000f3580000)
  from space 13824K, 97% used [0x00000000f5080000,0x00000000f5d9ef98,0x00000000f5e00000)
  to   space 16896K, 0% used [0x00000000f3d00000,0x00000000f3d00000,0x00000000f4d80000)
 ParOldGen       total 67584K, used 20336K [0x00000000a0800000, 0x00000000a4a00000, 0x00000000e0300000)
  object space 67584K, 30% used [0x00000000a0800000,0x00000000a1bdc358,0x00000000a4a00000)
 Metaspace       used 45023K, capacity 45516K, committed 45824K, reserved 1089536K
  class space    used 5679K, capacity 5846K, committed 5888K, reserved 1048576K
}

Deoptimization events (10 events):
Event: 40.295 Thread 0x000000001a884800 Uncommon trap: reason=predicate action=maybe_recompile pc=0x0000000003f46dc4 method=java.util.TreeMap.put(Ljava/lang/Object;Ljava/lang/Object;)Ljava/lang/Object; @ 132
Event: 40.308 Thread 0x000000001a884800 Uncommon trap: reason=bimorphic action=maybe_recompile pc=0x000000000400e118 method=java.util.regex.Pattern$CharProperty$1.isSatisfiedBy(I)Z @ 5
Event: 40.308 Thread 0x000000001a884800 Uncommon trap: reason=bimorphic action=maybe_recompile pc=0x000000000400e118 method=java.util.regex.Pattern$CharProperty$1.isSatisfiedBy(I)Z @ 5
Event: 40.308 Thread 0x000000001a884800 Uncommon trap: reason=bimorphic action=maybe_recompile pc=0x000000000400e118 method=java.util.regex.Pattern$CharProperty$1.isSatisfiedBy(I)Z @ 5
Event: 40.308 Thread 0x000000001a884800 Uncommon trap: reason=bimorphic action=maybe_recompile pc=0x000000000400e118 method=java.util.regex.Pattern$CharProperty$1.isSatisfiedBy(I)Z @ 5
Event: 40.320 Thread 0x000000001a884800 Uncommon trap: reason=class_check action=maybe_recompile pc=0x000000000352ed94 method=java.util.AbstractList$Itr.hasNext()Z @ 8
Event: 40.320 Thread 0x000000001a884800 Uncommon trap: reason=class_check action=maybe_recompile pc=0x0000000003741704 method=java.util.AbstractList$Itr.next()Ljava/lang/Object; @ 14
Event: 40.349 Thread 0x000000001a884800 Uncommon trap: reason=null_check action=make_not_entrant pc=0x00000000040153d4 method=org.springframework.core.annotation.AnnotatedElementUtils.searchWithGetSemanticsInAnnotations(Ljava/lang/reflect/AnnotatedElement;Ljava/util/List;Ljava/lang/Class;Ljava/l0ˆçDoD@
Event: 40.869 Thread 0x000000001a884800 Uncommon trap: reason=null_check action=make_not_entrant pc=0x0000000003dc65c0 method=org.springframework.util.ClassUtils.isAssignable(Ljava/lang/Class;Ljava/lang/Class;)Z @ 38
Event: 40.872 Thread 0x000000001a884800 Uncommon trap: reason=unstable_if action=reinterpret pc=0x0000000003dea388 method=org.springframework.beans.factory.support.AbstractBeanFactory.isTypeMatch(Ljava/lang/String;Lorg/springframework/core/ResolvableType;)Z @ 206

Internal exceptions (10 events):
Event: 40.857 Thread 0x000000001a884800 Exception <a 'java/lang/ClassNotFoundException': org/springframework/context/event/DefaultEventListenerFactoryCustomizer> (0x00000000e1806bb0) thrown at [C:\re\workspace\8-2-build-windows-amd64-cygwin\jdk8u60\4407\hotspot\src\share\vm\classfile\systemDictiﬁåä‰mD@
Event: 40.859 Thread 0x000000001a884800 Exception <a 'java/lang/ClassNotFoundException': org/springframework/context/event/EventListenerFactoryCustomizer> (0x00000000e1836710) thrown at [C:\re\workspace\8-2-build-windows-amd64-cygwin\jdk8u60\4407\hotspot\src\share\vm\classfile\systemDictionary.cØçƒŸ˘mD@
Event: 40.859 Thread 0x000000001a884800 Exception <a 'java/lang/ClassNotFoundException': org/springframework/core/OrderedCustomizer> (0x00000000e1857490) thrown at [C:\re\workspace\8-2-build-windows-amd64-cygwin\jdk8u60\4407\hotspot\src\share\vm\classfile\systemDictionary.cpp, line 210]
Event: 40.864 Thread 0x000000001a884800 Exception <a 'java/lang/ClassNotFoundException': java/lang/ObjectCustomizer> (0x00000000e18756a8) thrown at [C:\re\workspace\8-2-build-windows-amd64-cygwin\jdk8u60\4407\hotspot\src\share\vm\classfile\systemDictionary.cpp, line 210]
Event: 40.865 Thread 0x000000001a884800 Exception <a 'java/lang/ClassNotFoundException': org/springframework/cloud/netflix/ribbon/eureka/EurekaRibbonClientConfigurationCustomizer> (0x00000000e18ac9f0) thrown at [C:\re\workspace\8-2-build-windows-amd64-cygwin\jdk8u60\4407\hotspot\src\share\vm\cla=UÄ⁄nD@
Event: 40.866 Thread 0x000000001a884800 Exception <a 'java/lang/ClassNotFoundException': org/springframework/cloud/netflix/ribbon/eureka/EurekaRibbonClientConfiguration$$EnhancerBySpringCGLIB$$1fbe31acCustomizer> (0x00000000e18f3108) thrown at [C:\re\workspace\8-2-build-windows-amd64-cygwin\jdk8
Event: 40.869 Thread 0x000000001a884800 Exception <a 'java/lang/ClassNotFoundException': org/springframework/context/annotation/ConfigurationClassEnhancer$EnhancedConfigurationCustomizer> (0x00000000e19336d0) thrown at [C:\re\workspace\8-2-build-windows-amd64-cygwin\jdk8u60\4407\hotspot\src\sharÒ?‹pCoD@
Event: 40.869 Thread 0x000000001a884800 Implicit null exception at 0x0000000003dc6463 to 0x0000000003dc65b3
Event: 40.872 Thread 0x000000001a884800 Implicit null exception at 0x0000000003de7006 to 0x0000000003dea363
Event: 41.128 Thread 0x000000001a884800 Exception <a 'java/lang/ClassNotFoundException': java/lang/ObjectCustomizer> (0x00000000e1ee0408) thrown at [C:\re\workspace\8-2-build-windows-amd64-cygwin\jdk8u60\4407\hotspot\src\share\vm\classfile\systemDictionary.cpp, line 210]

Events (10 events):
Event: 41.126 Executing VM operation: RevokeBias
Event: 41.126 Executing VM operation: RevokeBias done
Event: 41.127 loading class java/lang/ObjectCustomizer
Event: 41.127 loading class java/lang/ObjectCustomizer done
Event: 41.128 loading class java/lang/ObjectCustomizer
Event: 41.128 loading class java/lang/ObjectCustomizer done
Event: 41.128 loading class org/springframework/boot/autoconfigure/context/PropertyPlaceholderAutoConfigurationCustomizer
Event: 41.128 loading class org/springframework/boot/autoconfigure/context/PropertyPlaceholderAutoConfigurationCustomizer done
Event: 41.134 loading class org/springframework/boot/autoconfigure/context/PropertyPlaceholderAutoConfigurationCustomizer
Event: 41.134 loading class org/springframework/boot/autoconfigure/context/PropertyPlaceholderAutoConfigurationCustomizer done


Dynamic libraries:
0x00007ff757240000 - 0x00007ff757277000 	C:\Program Files\Java\jdk1.8.0_60\bin\java.exe
0x00007ffac54b0000 - 0x00007ffac565d000 	C:\WINDOWS\SYSTEM32\ntdll.dll
0x00007ffac31f0000 - 0x00007ffac332e000 	C:\WINDOWS\system32\KERNEL32.DLL
0x00007ffac2710000 - 0x00007ffac2826000 	C:\WINDOWS\system32\KERNELBASE.dll
0x00007ffac1150000 - 0x00007ffac11de000 	C:\WINDOWS\system32\apphelp.dll
0x00007ffabea90000 - 0x00007ffabeae3000 	C:\WINDOWS\AppPatch\AppPatch64\AcGenral.DLL
0x00007ffac3510000 - 0x00007ffac35ba000 	C:\WINDOWS\system32\msvcrt.dll
0x00007ffac2880000 - 0x00007ffac28ae000 	C:\WINDOWS\system32\SspiCli.dll
0x00007ffac2fe0000 - 0x00007ffac3034000 	C:\WINDOWS\system32\SHLWAPI.dll
0x00007ffac3780000 - 0x00007ffac38f7000 	C:\WINDOWS\system32\USER32.dll
0x00007ffac3de0000 - 0x00007ffac3f74000 	C:\WINDOWS\system32\ole32.dll
0x00007ffac3f80000 - 0x00007ffac54ac000 	C:\WINDOWS\system32\SHELL32.dll
0x00007ffac1b80000 - 0x00007ffac1ba1000 	C:\WINDOWS\SYSTEM32\USERENV.dll
0x00007ffac3c10000 - 0x00007ffac3cba000 	C:\WINDOWS\system32\ADVAPI32.dll
0x00007ffab5ab0000 - 0x00007ffab5ace000 	C:\WINDOWS\SYSTEM32\MPR.dll
0x00007ffac2d10000 - 0x00007ffac2e50000 	C:\WINDOWS\system32\RPCRT4.dll
0x00007ffac2f80000 - 0x00007ffac2fd9000 	C:\WINDOWS\SYSTEM32\sechost.dll
0x00007ffac3900000 - 0x00007ffac3b12000 	C:\WINDOWS\SYSTEM32\combase.dll
0x00007ffac3040000 - 0x00007ffac318b000 	C:\WINDOWS\system32\GDI32.dll
0x00007ffac25e0000 - 0x00007ffac25f5000 	C:\WINDOWS\SYSTEM32\profapi.dll
0x00007ffac0dc0000 - 0x00007ffac0e72000 	C:\WINDOWS\SYSTEM32\SHCORE.dll
0x00007ffac3da0000 - 0x00007ffac3dd6000 	C:\WINDOWS\system32\IMM32.DLL
0x00007ffac2ba0000 - 0x00007ffac2cf1000 	C:\WINDOWS\system32\MSCTF.dll
0x00007ffac06e0000 - 0x00007ffac095b000 	C:\WINDOWS\WinSxS\amd64_microsoft.windows.common-controls_6595b64144ccf1df_6.0.9600.18006_none_623f33d3ecbe86e8\COMCTL32.dll
0x000000006d710000 - 0x000000006d7e2000 	C:\Program Files\Java\jdk1.8.0_60\jre\bin\msvcr100.dll
0x000000006a140000 - 0x000000006a9c9000 	C:\Program Files\Java\jdk1.8.0_60\jre\bin\server\jvm.dll
0x00007ffaba200000 - 0x00007ffaba209000 	C:\WINDOWS\SYSTEM32\WSOCK32.dll
0x00007ffabe330000 - 0x00007ffabe352000 	C:\WINDOWS\SYSTEM32\WINMM.dll
0x00007ffac1640000 - 0x00007ffac164a000 	C:\WINDOWS\SYSTEM32\VERSION.dll
0x00007ffac35c0000 - 0x00007ffac35c7000 	C:\WINDOWS\system32\PSAPI.DLL
0x00007ffac2b40000 - 0x00007ffac2b9a000 	C:\WINDOWS\system32\WS2_32.dll
0x00007ffabdf90000 - 0x00007ffabdfba000 	C:\WINDOWS\SYSTEM32\WINMMBASE.dll
0x00007ffac3b20000 - 0x00007ffac3b29000 	C:\WINDOWS\system32\NSI.dll
0x00007ffac2830000 - 0x00007ffac287f000 	C:\WINDOWS\SYSTEM32\cfgmgr32.dll
0x00007ffac13b0000 - 0x00007ffac13d8000 	C:\WINDOWS\SYSTEM32\DEVOBJ.dll
0x000000006d700000 - 0x000000006d70f000 	C:\Program Files\Java\jdk1.8.0_60\jre\bin\verify.dll
0x000000006d6d0000 - 0x000000006d6f9000 	C:\Program Files\Java\jdk1.8.0_60\jre\bin\java.dll
0x000000006d630000 - 0x000000006d653000 	C:\Program Files\Java\jdk1.8.0_60\jre\bin\instrument.dll
0x000000006d6b0000 - 0x000000006d6c6000 	C:\Program Files\Java\jdk1.8.0_60\jre\bin\zip.dll
0x00007ffabbe10000 - 0x00007ffabbe2a000 	C:\Program Files\JetBrains\IntelliJ IDEA 2017.1.2\bin\breakgen64.dll
0x000000006d690000 - 0x000000006d6aa000 	C:\Program Files\Java\jdk1.8.0_60\jre\bin\net.dll
0x00007ffac1f10000 - 0x00007ffac1f69000 	C:\WINDOWS\system32\mswsock.dll
0x00007ffac1650000 - 0x00007ffac167a000 	C:\WINDOWS\SYSTEM32\IPHLPAPI.DLL
0x00007ffac1630000 - 0x00007ffac163a000 	C:\WINDOWS\SYSTEM32\WINNSI.DLL
0x00007ffabb4f0000 - 0x00007ffabb506000 	C:\WINDOWS\SYSTEM32\dhcpcsvc6.DLL
0x00007ffabb720000 - 0x00007ffabb73a000 	C:\WINDOWS\SYSTEM32\dhcpcsvc.DLL
0x00007ffac1bb0000 - 0x00007ffac1c54000 	C:\WINDOWS\SYSTEM32\DNSAPI.dll
0x000000006dc00000 - 0x000000006dc26000 	C:\Program Files\Bonjour\mdnsNSP.dll
0x0000000019930000 - 0x0000000019960000 	C:\WINDOWS\system32\xunyount64.dll
0x00007ffab7190000 - 0x00007ffab719a000 	C:\Windows\System32\rasadhlp.dll
0x000000006d660000 - 0x000000006d66d000 	C:\Program Files\Java\jdk1.8.0_60\jre\bin\management.dll
0x00007ffab8d00000 - 0x00007ffab8d15000 	C:\WINDOWS\system32\napinsp.dll
0x00007ffab8ce0000 - 0x00007ffab8cfa000 	C:\WINDOWS\system32\pnrpnsp.dll
0x00007ffabcac0000 - 0x00007ffabcadb000 	C:\WINDOWS\system32\NLAapi.dll
0x00007ffab8cd0000 - 0x00007ffab8cdd000 	C:\WINDOWS\System32\winrnr.dll
0x00007ffabb7b0000 - 0x00007ffabb81b000 	C:\WINDOWS\System32\fwpuclnt.dll
0x000000006d670000 - 0x000000006d681000 	C:\Program Files\Java\jdk1.8.0_60\jre\bin\nio.dll
0x00007ffac1f70000 - 0x00007ffac1f90000 	C:\WINDOWS\SYSTEM32\CRYPTSP.dll
0x00007ffac1b40000 - 0x00007ffac1b76000 	C:\WINDOWS\system32\rsaenh.dll
0x00007ffac20c0000 - 0x00007ffac20e6000 	C:\WINDOWS\SYSTEM32\bcrypt.dll
0x00007ffac2440000 - 0x00007ffac24a3000 	C:\WINDOWS\system32\bcryptprimitives.dll
0x00007ffac24b0000 - 0x00007ffac24bb000 	C:\WINDOWS\SYSTEM32\CRYPTBASE.dll
0x000000006d600000 - 0x000000006d624000 	C:\Program Files\Java\jdk1.8.0_60\jre\bin\sunec.dll

VM Arguments:
jvm_args: -javaagent:C:\Program Files\JetBrains\IntelliJ IDEA 2017.1.2\lib\idea_rt.jar=42775:C:\Program Files\JetBrains\IntelliJ IDEA 2017.1.2\bin -Dfile.encoding=UTF-8 
java_command: com.jzw.user.Application
java_class_path (initial): C:\Program Files\Java\jdk1.8.0_60\jre\lib\charsets.jar;C:\Program Files\Java\jdk1.8.0_60\jre\lib\deploy.jar;C:\Program Files\Java\jdk1.8.0_60\jre\lib\ext\access-bridge-64.jar;C:\Program Files\Java\jdk1.8.0_60\jre\lib\ext\cldrdata.jar;C:\Program Files\Java\jdk1.8.0_60\jre\lib\ext\dnsns.jar;C:\Program Files\Java\jdk1.8.0_60\jre\lib\ext\jaccess.jar;C:\Program Files\Java\jdk1.8.0_60\jre\lib\ext\jfxrt.jar;C:\Program Files\Java\jdk1.8.0_60\jre\lib\ext\localedata.jar;C:\Program Files\Java\jdk1.8.0_60\jre\lib\ext\nashorn.jar;C:\Program Files\Java\jdk1.8.0_60\jre\lib\ext\sunec.jar;C:\Program Files\Java\jdk1.8.0_60\jre\lib\ext\sunjce_provider.jar;C:\Program Files\Java\jdk1.8.0_60\jre\lib\ext\sunmscapi.jar;C:\Program Files\Java\jdk1.8.0_60\jre\lib\ext\sunpkcs11.jar;C:\Program Files\Java\jdk1.8.0_60\jre\lib\ext\zipfs.jar;C:\Program Files\Java\jdk1.8.0_60\jre\lib\javaws.jar;C:\Program Files\Java\jdk1.8.0_60\jre\lib\jce.jar;C:\Program Files\Java\jdk1.8.0_60\jre\lib\jfr.jar;C:\Program Files\Java\jdk1.8.0_60\jre\lib\jfxswt.jar;C:\Program Files\Java\jdk1.8.0_60\jre\lib\jsse.jar;C:\Program Files\Java\jdk1.8.0_60\jre\lib\management-agent.jar;C:\Program Files\Java\jdk1.8.0_60\jre\lib\plugin.jar;C:\Program Files\Java\jdk1.8.0_60\jre\lib\resources.jar;C:\Program Files\Java\jdk1.8.0_60\jre\lib\rt.jar;C:\idea_projects\spring_cloud_project_template\projects\web\out\production\web;C:\Users\jiang\.m2\repository\com\jzw\user-service-api\0.0.1-SNAPSHOT\user-service-api-0.0.1-20180506.121206-4.jar;C:\Users\jiang\.m2\repository\com\jzw\common-utils\0.0.1-SNAPSHOT\common-utils-0.0.1-20180506.121031-3.jar;C:\Users\jiang\.gradle\caches\modules-2\files-2.1\org.springframework.cloud\spring-cloud-starter-eureka\1.4.4.RELEASE\6e4ed457d40d5e3a9fd9779eda88fd39f7d7a034\spring-cloud-starter-eureka-1.4.4.RELEASE.jar;C:\Users\jiang\.gradle\caches\modules-2\files-2.1\org.springframework.cloud\spring-cloud-starter-netflix-eureka-client\1.4.4.RELEASE\cad28be66f102f53573227d8245328a63
Launcher Type: SUN_STANDARD

Environment Variables:
JAVA_HOME=C:\Program Files\Java\jdk1.8.0_60
CLASSPATH=.;C:\Program Files\Java\jdk1.8.0_60\lib;
PATH=C:\ProgramData\Oracle\Java\javapath;C:\Program Files (x86)\NVIDIA Corporation\PhysX\Common;C:\WINDOWS\system32;C:\WINDOWS;C:\WINDOWS\System32\Wbem;C:\WINDOWS\System32\WindowsPowerShell\v1.0\;C:\Program Files (x86)\Microsoft SQL Server\100\Tools\Binn\;C:\Program Files\Microsoft SQL Server\100\Tools\Binn\;C:\Program Files\Microsoft SQL Server\100\DTS\Binn\;C:\Program Files\Microsoft SQL Server\110\Tools\Binn\;C:\Program Files\Java\jdk1.8.0_60\bin;F:\adt-bundle\adt-bundle-windows-x86-20140702\adt-bundle-windows-x86-20140702\sdk\platforms;F:\adt-bundle\adt-bundle-windows-x86-20140702\adt-bundle-windows-x86-20140702\sdk\tools;F:\adt-bundle\adt-bundle-windows-x86-20140702\adt-bundle-windows-x86-20140702\sdk\platform-tools;;F:\ndk\android-ndk-r10b;F:\adt-bundle\adt-bundle-windows-x86-20140702\adt-bundle-windows-x86-20140702\sdk;F:\apache-ant-1.9.6\bin;C:\Program Files\VisualSVN Server\bin;C:\Program Files\Git\cmd;F:\cocos3\cocos2d-x-3.6\templates;F:\cocos3\cocos2d-x-3.6\tools\cocos2d-console\bin
USERNAME=jiang
OS=Windows_NT
PROCESSOR_IDENTIFIER=Intel64 Family 6 Model 23 Stepping 10, GenuineIntel



---------------  S Y S T E M  ---------------

OS: Windows 8.1 , 64 bit Build 9600 (6.3.9600.17415)

CPU:total 2 (2 cores per cpu, 1 threads per core) family 6 model 23 stepping 10, cmov, cx8, fxsr, mmx, sse, sse2, sse3, ssse3, sse4.1, tsc

Memory: 4k page, physical 6255204k(99764k free), swap 9400932k(5452k free)

vm_info: Java HotSpot(TM) 64-Bit Server VM (25.60-b23) for windows-amd64 JRE (1.8.0_60-b27), built on Aug  4 2015 11:06:27 by "java_re" with MS VC++ 10.0 (VS2010)

time: Sun May 06 21:20:34 2018
elapsed time: 41 seconds (0d 0h 0m 41s)

