#
# There is insufficient memory for the Java Runtime Environment to continue.
# Native memory allocation (malloc) failed to allocate 1897936 bytes for Chunk::new
# Possible reasons:
#   The system is out of physical RAM or swap space
#   In 32 bit mode, the process size limit was hit
# Possible solutions:
#   Reduce memory load on the system
#   Increase physical memory or swap space
#   Check if swap backing store is full
#   Use 64 bit Java on a 64 bit OS
#   Decrease Java heap size (-Xmx/-Xms)
#   Decrease number of Java threads
#   Decrease Java thread stack sizes (-Xss)
#   Set larger code cache with -XX:ReservedCodeCacheSize=
# This output file may be truncated or incomplete.
#
#  Out of Memory Error (allocation.cpp:390), pid=4596, tid=6896
#
# JRE version: Java(TM) SE Runtime Environment (8.0_60-b27) (build 1.8.0_60-b27)
# Java VM: Java HotSpot(TM) 64-Bit Server VM (25.60-b23 mixed mode windows-amd64 compressed oops)
# Failed to write core dump. Minidumps are not enabled by default on client versions of Windows
#

---------------  T H R E A D  ---------------

Current thread (0x000000001776f800):  JavaThread "C2 CompilerThread0" daemon [_thread_in_native, id=6896, stack(0x00000000179f0000,0x0000000017af0000)]

Stack: [0x00000000179f0000,0x0000000017af0000]
[error occurred during error reporting (printing stack bounds), id 0xc0000005]

Native frames: (J=compiled Java code, j=interpreted, Vv=VM code, C=native code)


Current CompileTask:
C2:  15487 3501   !   4       org.springframework.util.ReflectionUtils::doWithMethods (176 bytes)


---------------  P R O C E S S  ---------------

Java Threads: ( => current thread )
  0x000000001a991800 JavaThread "commons-pool-EvictionTimer" daemon [_thread_blocked, id=5248, stack(0x000000001cc30000,0x000000001cd30000)]
  0x000000001a990000 JavaThread "HikariPool-1 connection adder" daemon [_thread_blocked, id=1552, stack(0x000000001c4a0000,0x000000001c5a0000)]
  0x000000001a98f800 JavaThread "HikariPool-1 housekeeper" daemon [_thread_blocked, id=1536, stack(0x000000001c1a0000,0x000000001c2a0000)]
  0x000000001ad94800 JavaThread "Abandoned connection cleanup thread" daemon [_thread_blocked, id=1496, stack(0x000000001baf0000,0x000000001bbf0000)]
  0x0000000018181000 JavaThread "container-0" [_thread_blocked, id=2168, stack(0x000000001b9f0000,0x000000001baf0000)]
  0x0000000018092800 JavaThread "ContainerBackgroundProcessor[StandardEngine[Tomcat]]" daemon [_thread_blocked, id=7148, stack(0x000000001b8f0000,0x000000001b9f0000)]
  0x00000000184cc000 JavaThread "localhost-startStop-1" daemon [_thread_blocked, id=5700, stack(0x0000000019e20000,0x0000000019f20000)]
  0x0000000019514000 JavaThread "Tomcat-startStop-1" daemon [_thread_blocked, id=3028, stack(0x0000000018950000,0x0000000018a50000)]
  0x0000000017805000 JavaThread "Service Thread" daemon [_thread_blocked, id=652, stack(0x0000000017bf0000,0x0000000017cf0000)]
  0x00000000177c4800 JavaThread "C1 CompilerThread1" daemon [_thread_blocked, id=4424, stack(0x0000000017af0000,0x0000000017bf0000)]
=>0x000000001776f800 JavaThread "C2 CompilerThread0" daemon [_thread_in_native, id=6896, stack(0x00000000179f0000,0x0000000017af0000)]
  0x000000001774f000 JavaThread "Monitor Ctrl-Break" daemon [_thread_in_native, id=3620, stack(0x00000000178f0000,0x00000000179f0000)]
  0x00000000165bd000 JavaThread "Attach Listener" daemon [_thread_blocked, id=6928, stack(0x00000000173e0000,0x00000000174e0000)]
  0x000000001656e000 JavaThread "Signal Dispatcher" daemon [_thread_blocked, id=4312, stack(0x00000000172e0000,0x00000000173e0000)]
  0x0000000002e78800 JavaThread "Finalizer" daemon [_thread_blocked, id=7412, stack(0x0000000017190000,0x0000000017290000)]
  0x0000000002e6f800 JavaThread "Reference Handler" daemon [_thread_blocked, id=3908, stack(0x0000000017090000,0x0000000017190000)]
  0x0000000002d86000 JavaThread "main" [_thread_in_native, id=3868, stack(0x0000000002b10000,0x0000000002c10000)]

Other Threads:
  0x0000000016525800 VMThread [stack: 0x0000000016f90000,0x0000000017090000] [id=1272]
  0x000000001781b000 WatcherThread [stack: 0x0000000017cf0000,0x0000000017df0000] [id=5660]

VM state:not at safepoint (normal execution)

VM Mutex/Monitor currently owned by a thread: None

Heap:
 PSYoungGen      total 106496K, used 38161K [0x00000000e0300000, 0x00000000e7400000, 0x0000000100000000)
  eden space 97792K, 31% used [0x00000000e0300000,0x00000000e20bf268,0x00000000e6280000)
  from space 8704K, 88% used [0x00000000e6280000,0x00000000e6a05258,0x00000000e6b00000)
  to   space 8192K, 0% used [0x00000000e6b00000,0x00000000e6b00000,0x00000000e7300000)
 ParOldGen       total 45568K, used 20659K [0x00000000a0800000, 0x00000000a3480000, 0x00000000e0300000)
  object space 45568K, 45% used [0x00000000a0800000,0x00000000a1c2cf18,0x00000000a3480000)
 Metaspace       used 38110K, capacity 38530K, committed 38912K, reserved 1083392K
  class space    used 4731K, capacity 4836K, committed 4864K, reserved 1048576K

Card table byte_map: [0x0000000012240000,0x0000000012540000] byte_map_base: 0x0000000011d3c000

Marking Bits: (ParMarkBitMap*) 0x000000006c20a5b0
 Begin Bits: [0x0000000012940000, 0x0000000014120000)
 End Bits:   [0x0000000014120000, 0x0000000015900000)

Polling page: 0x0000000001160000

CodeCache: size=245760Kb used=11939Kb max_used=11985Kb free=233820Kb
 bounds [0x0000000002e80000, 0x0000000003a50000, 0x0000000011e80000]
 total_blobs=3796 nmethods=3316 adapters=393
 compilation: enabled

Compilation events (10 events):
Event: 15.450 Thread 0x00000000177c4800 3741       2       org.apache.tomcat.util.modeler.ManagedBean::addOperation (17 bytes)
Event: 15.450 Thread 0x00000000177c4800 nmethod 3741 0x00000000035f5cd0 code [0x00000000035f5e40, 0x00000000035f5ff8]
Event: 15.450 Thread 0x00000000177c4800 3742       2       org.apache.tomcat.util.modeler.ManagedBean$1::<init> (10 bytes)
Event: 15.450 Thread 0x00000000177c4800 nmethod 3742 0x00000000035f5990 code [0x00000000035f5ae0, 0x00000000035f5c50]
Event: 15.450 Thread 0x00000000177c4800 3743       2       org.apache.tomcat.util.buf.StringUtils::join (11 bytes)
Event: 15.450 Thread 0x00000000177c4800 nmethod 3743 0x00000000035f53d0 code [0x00000000035f5540, 0x00000000035f57d8]
Event: 15.451 Thread 0x00000000177c4800 3744       2       org.apache.tomcat.util.modeler.OperationInfo::createOperationInfo (93 bytes)
Event: 15.451 Thread 0x00000000177c4800 nmethod 3744 0x00000000035f4cd0 code [0x00000000035f4e80, 0x00000000035f5248]
Event: 15.452 Thread 0x00000000177c4800 3745       2       org.apache.juli.logging.DirectJDKLog::isTraceEnabled (11 bytes)
Event: 15.452 Thread 0x00000000177c4800 nmethod 3745 0x0000000003758690 code [0x00000000037587e0, 0x0000000003758970]

GC Heap History (10 events):
Event: 5.441 GC heap before
{Heap before GC invocations=7 (full 1):
 PSYoungGen      total 105984K, used 6520K [0x00000000e0300000, 0x00000000e7400000, 0x0000000100000000)
  eden space 97792K, 0% used [0x00000000e0300000,0x00000000e0300000,0x00000000e6280000)
  from space 8192K, 79% used [0x00000000e6b00000,0x00000000e715e1f0,0x00000000e7300000)
  to   space 8704K, 0% used [0x00000000e6280000,0x00000000e6280000,0x00000000e6b00000)
 ParOldGen       total 65536K, used 6345K [0x00000000a0800000, 0x00000000a4800000, 0x00000000e0300000)
  object space 65536K, 9% used [0x00000000a0800000,0x00000000a0e32670,0x00000000a4800000)
 Metaspace       used 20937K, capacity 21192K, committed 21296K, reserved 1069056K
  class space    used 2536K, capacity 2617K, committed 2688K, reserved 1048576K
Event: 5.538 GC heap after
Heap after GC invocations=7 (full 1):
 PSYoungGen      total 105984K, used 0K [0x00000000e0300000, 0x00000000e7400000, 0x0000000100000000)
  eden space 97792K, 0% used [0x00000000e0300000,0x00000000e0300000,0x00000000e6280000)
  from space 8192K, 0% used [0x00000000e6b00000,0x00000000e6b00000,0x00000000e7300000)
  to   space 8704K, 0% used [0x00000000e6280000,0x00000000e6280000,0x00000000e6b00000)
 ParOldGen       total 45568K, used 9591K [0x00000000a0800000, 0x00000000a3480000, 0x00000000e0300000)
  object space 45568K, 21% used [0x00000000a0800000,0x00000000a115df68,0x00000000a3480000)
 Metaspace       used 20937K, capacity 21192K, committed 21296K, reserved 1069056K
  class space    used 2536K, capacity 2617K, committed 2688K, reserved 1048576K
}
Event: 10.049 GC heap before
{Heap before GC invocations=8 (full 1):
 PSYoungGen      total 105984K, used 97792K [0x00000000e0300000, 0x00000000e7400000, 0x0000000100000000)
  eden space 97792K, 100% used [0x00000000e0300000,0x00000000e6280000,0x00000000e6280000)
  from space 8192K, 0% used [0x00000000e6b00000,0x00000000e6b00000,0x00000000e7300000)
  to   space 8704K, 0% used [0x00000000e6280000,0x00000000e6280000,0x00000000e6b00000)
 ParOldGen       total 45568K, used 9591K [0x00000000a0800000, 0x00000000a3480000, 0x00000000e0300000)
  object space 45568K, 21% used [0x00000000a0800000,0x00000000a115df68,0x00000000a3480000)
 Metaspace       used 27896K, capacity 28232K, committed 28416K, reserved 1075200K
  class space    used 3431K, capacity 3507K, committed 3584K, reserved 1048576K
Event: 10.078 GC heap after
Heap after GC invocations=8 (full 1):
 PSYoungGen      total 106496K, used 8678K [0x00000000e0300000, 0x00000000e7400000, 0x0000000100000000)
  eden space 97792K, 0% used [0x00000000e0300000,0x00000000e0300000,0x00000000e6280000)
  from space 8704K, 99% used [0x00000000e6280000,0x00000000e6af9b78,0x00000000e6b00000)
  to   space 8192K, 0% used [0x00000000e6b00000,0x00000000e6b00000,0x00000000e7300000)
 ParOldGen       total 45568K, used 12370K [0x00000000a0800000, 0x00000000a3480000, 0x00000000e0300000)
  object space 45568K, 27% used [0x00000000a0800000,0x00000000a14148e0,0x00000000a3480000)
 Metaspace       used 27896K, capacity 28232K, committed 28416K, reserved 1075200K
  class space    used 3431K, capacity 3507K, committed 3584K, reserved 1048576K
}
Event: 12.335 GC heap before
{Heap before GC invocations=9 (full 1):
 PSYoungGen      total 106496K, used 99430K [0x00000000e0300000, 0x00000000e7400000, 0x0000000100000000)
  eden space 97792K, 92% used [0x00000000e0300000,0x00000000e5b9ff78,0x00000000e6280000)
  from space 8704K, 99% used [0x00000000e6280000,0x00000000e6af9b78,0x00000000e6b00000)
  to   space 8192K, 0% used [0x00000000e6b00000,0x00000000e6b00000,0x00000000e7300000)
 ParOldGen       total 45568K, used 12370K [0x00000000a0800000, 0x00000000a3480000, 0x00000000e0300000)
  object space 45568K, 27% used [0x00000000a0800000,0x00000000a14148e0,0x00000000a3480000)
 Metaspace       used 34825K, capacity 35140K, committed 35496K, reserved 1081344K
  class space    used 4266K, capacity 4351K, committed 4352K, reserved 1048576K
Event: 12.369 GC heap after
Heap after GC invocations=9 (full 1):
 PSYoungGen      total 105984K, used 8178K [0x00000000e0300000, 0x00000000e7400000, 0x0000000100000000)
  eden space 97792K, 0% used [0x00000000e0300000,0x00000000e0300000,0x00000000e6280000)
  from space 8192K, 99% used [0x00000000e6b00000,0x00000000e72fcaf0,0x00000000e7300000)
  to   space 8704K, 0% used [0x00000000e6280000,0x00000000e6280000,0x00000000e6b00000)
 ParOldGen       total 45568K, used 19327K [0x00000000a0800000, 0x00000000a3480000, 0x00000000e0300000)
  object space 45568K, 42% used [0x00000000a0800000,0x00000000a1adfce0,0x00000000a3480000)
 Metaspace       used 34825K, capacity 35140K, committed 35496K, reserved 1081344K
  class space    used 4266K, capacity 4351K, committed 4352K, reserved 1048576K
}
Event: 12.369 GC heap before
{Heap before GC invocations=10 (full 2):
 PSYoungGen      total 105984K, used 8178K [0x00000000e0300000, 0x00000000e7400000, 0x0000000100000000)
  eden space 97792K, 0% used [0x00000000e0300000,0x00000000e0300000,0x00000000e6280000)
  from space 8192K, 99% used [0x00000000e6b00000,0x00000000e72fcaf0,0x00000000e7300000)
  to   space 8704K, 0% used [0x00000000e6280000,0x00000000e6280000,0x00000000e6b00000)
 ParOldGen       total 45568K, used 19327K [0x00000000a0800000, 0x00000000a3480000, 0x00000000e0300000)
  object space 45568K, 42% used [0x00000000a0800000,0x00000000a1adfce0,0x00000000a3480000)
 Metaspace       used 34825K, capacity 35140K, committed 35496K, reserved 1081344K
  class space    used 4266K, capacity 4351K, committed 4352K, reserved 1048576K
Event: 12.565 GC heap after
Heap after GC invocations=10 (full 2):
 PSYoungGen      total 105984K, used 0K [0x00000000e0300000, 0x00000000e7400000, 0x0000000100000000)
  eden space 97792K, 0% used [0x00000000e0300000,0x00000000e0300000,0x00000000e6280000)
  from space 8192K, 0% used [0x00000000e6b00000,0x00000000e6b00000,0x00000000e7300000)
  to   space 8704K, 0% used [0x00000000e6280000,0x00000000e6280000,0x00000000e6b00000)
 ParOldGen       total 45568K, used 20659K [0x00000000a0800000, 0x00000000a3480000, 0x00000000e0300000)
  object space 45568K, 45% used [0x00000000a0800000,0x00000000a1c2cf18,0x00000000a3480000)
 Metaspace       used 34825K, capacity 35140K, committed 35496K, reserved 1081344K
  class space    used 4266K, capacity 4351K, committed 4352K, reserved 1048576K
}
Event: 14.757 GC heap before
{Heap before GC invocations=11 (full 2):
 PSYoungGen      total 105984K, used 97792K [0x00000000e0300000, 0x00000000e7400000, 0x0000000100000000)
  eden space 97792K, 100% used [0x00000000e0300000,0x00000000e6280000,0x00000000e6280000)
  from space 8192K, 0% used [0x00000000e6b00000,0x00000000e6b00000,0x00000000e7300000)
  to   space 8704K, 0% used [0x00000000e6280000,0x00000000e6280000,0x00000000e6b00000)
 ParOldGen       total 45568K, used 20659K [0x00000000a0800000, 0x00000000a3480000, 0x00000000e0300000)
  object space 45568K, 45% used [0x00000000a0800000,0x00000000a1c2cf18,0x00000000a3480000)
 Metaspace       used 37830K, capacity 38172K, committed 38656K, reserved 1083392K
  class space    used 4691K, capacity 4803K, committed 4864K, reserved 1048576K
Event: 14.844 GC heap after
Heap after GC invocations=11 (full 2):
 PSYoungGen      total 106496K, used 7700K [0x00000000e0300000, 0x00000000e7400000, 0x0000000100000000)
  eden space 97792K, 0% used [0x00000000e0300000,0x00000000e0300000,0x00000000e6280000)
  from space 8704K, 88% used [0x00000000e6280000,0x00000000e6a05258,0x00000000e6b00000)
  to   space 8192K, 0% used [0x00000000e6b00000,0x00000000e6b00000,0x00000000e7300000)
 ParOldGen       total 45568K, used 20659K [0x00000000a0800000, 0x00000000a3480000, 0x00000000e0300000)
  object space 45568K, 45% used [0x00000000a0800000,0x00000000a1c2cf18,0x00000000a3480000)
 Metaspace       used 37830K, capacity 38172K, committed 38656K, reserved 1083392K
  class space    used 4691K, capacity 4803K, committed 4864K, reserved 1048576K
}

Deoptimization events (10 events):
Event: 12.219 Thread 0x0000000002d86000 Uncommon trap: reason=unstable_if action=reinterpret pc=0x000000000345ec64 method=org.springframework.beans.factory.support.AbstractAutowireCapableBeanFactory.predictBeanType(Ljava/lang/String;Lorg/springframework/beans/factory/support/RootBeanDefinition;[©åG}s(@
Event: 12.226 Thread 0x0000000002d86000 Uncommon trap: reason=unstable_if action=reinterpret pc=0x0000000002fa9fa8 method=org.springframework.beans.factory.support.AbstractAutowireCapableBeanFactory.predictBeanType(Ljava/lang/String;Lorg/springframework/beans/factory/support/RootBeanDefinition;[m2\reposñ“W	¬Ö
Event: 12.729 Thread 0x0000000002d86000 Uncommon trap: reason=unstable_if action=reinterpret pc=0x0000000002fa90d8 method=java.util.concurrent.ConcurrentHashMap.transfer([Ljava/util/concurrent/ConcurrentHashMap$Node;[Ljava/util/concurrent/ConcurrentHashMap$Node;)V @ 356
Event: 12.729 Thread 0x0000000002d86000 Uncommon trap: reason=unstable_if action=reinterpret pc=0x000000000370a430 method=java.util.concurrent.ConcurrentHashMap.transfer([Ljava/util/concurrent/ConcurrentHashMap$Node;[Ljava/util/concurrent/ConcurrentHashMap$Node;)V @ 356
Event: 13.147 Thread 0x0000000002d86000 Uncommon trap: reason=unstable_if action=reinterpret pc=0x000000000396b690 method=sun.reflect.generics.reflectiveObjects.WildcardTypeImpl.getLowerBounds()[Ljava/lang/reflect/Type; @ 23
Event: 13.470 Thread 0x0000000002d86000 Uncommon trap: reason=unstable_if action=reinterpret pc=0x0000000003989120 method=org.springframework.beans.factory.support.AbstractBeanFactory.isTypeMatch(Ljava/lang/String;Lorg/springframework/core/ResolvableType;)Z @ 478
Event: 13.750 Thread 0x0000000002d86000 Uncommon trap: reason=unstable_if action=reinterpret pc=0x0000000003340984 method=org.springframework.beans.factory.support.DefaultSingletonBeanRegistry.getSingleton(Ljava/lang/String;Z)Ljava/lang/Object; @ 47
Event: 13.752 Thread 0x0000000002d86000 Uncommon trap: reason=unstable_if action=reinterpret pc=0x000000000337e390 method=java.io.WinNTFileSystem.isLetter(C)Z @ 3
Event: 15.388 Thread 0x0000000002d86000 Uncommon trap: reason=unstable_if action=reinterpret pc=0x00000000031d2104 method=java.lang.Class$MethodArray.addIfNotPresent(Ljava/lang/reflect/Method;)V @ 19
Event: 15.427 Thread 0x0000000002d86000 Uncommon trap: reason=unstable_if action=reinterpret pc=0x00000000035932d4 method=org.springframework.util.ConcurrentReferenceHashMap$Segment.clear()V @ 4

Internal exceptions (10 events):
Event: 15.212 Thread 0x0000000002d86000 Exception <a 'java/lang/ClassNotFoundException': java/lang/ObjectCustomizer> (0x00000000e1073060) thrown at [C:\re\workspace\8-2-build-windows-amd64-cygwin\jdk8u60\4407\hotspot\src\share\vm\classfile\systemDictionary.cpp, line 210]
Event: 15.213 Thread 0x0000000002d86000 Exception <a 'java/lang/ClassNotFoundException': org/springframework/boot/autoconfigure/web/WebClientAutoConfiguration$RestTemplateConfigurationCustomizer> (0x00000000e10939e0) thrown at [C:\re\workspace\8-2-build-windows-amd64-cygwin\jdk8u60\4407\hotspot\©CÙ6=m.@
Event: 15.213 Thread 0x0000000002d86000 Exception <a 'java/lang/ClassNotFoundException': org/springframework/boot/autoconfigure/web/WebClientAutoConfiguration$RestTemplateConfiguration$$EnhancerBySpringCGLIB$$44464296Customizer> (0x00000000e10b9408) thrown at [C:\re\workspace\8-2-build-windows-aõîB­m.@
Event: 15.214 Thread 0x0000000002d86000 Exception <a 'java/lang/ClassNotFoundException': org/springframework/context/annotation/ConfigurationClassEnhancer$EnhancedConfigurationCustomizer> (0x00000000e10dbbf0) thrown at [C:\re\workspace\8-2-build-windows-amd64-cygwin\jdk8u60\4407\hotspot\src\sharü%Ùˆ.@
Event: 15.266 Thread 0x0000000002d86000 Exception <a 'java/lang/ClassNotFoundException': org/springframework/boot/web/client/RestTemplateBuilderBeanInfo> (0x00000000e1183290) thrown at [C:\re\workspace\8-2-build-windows-amd64-cygwin\jdk8u60\4407\hotspot\src\share\vm\classfile\systemDictionary.cpÞóþ#Jˆ.@
Event: 15.266 Thread 0x0000000002d86000 Exception <a 'java/lang/ClassNotFoundException': org/springframework/boot/web/client/RestTemplateBuilderCustomizer> (0x00000000e11974d0) thrown at [C:\re\workspace\8-2-build-windows-amd64-cygwin\jdk8u60\4407\hotspot\src\share\vm\classfile\systemDictionary.ÒøM#ÉŠ.@
Event: 15.271 Thread 0x0000000002d86000 Exception <a 'java/lang/ClassNotFoundException': java/lang/ObjectCustomizer> (0x00000000e11cbf00) thrown at [C:\re\workspace\8-2-build-windows-amd64-cygwin\jdk8u60\4407\hotspot\src\share\vm\classfile\systemDictionary.cpp, line 210]
Event: 15.272 Thread 0x0000000002d86000 Exception <a 'java/lang/ClassNotFoundException': org/springframework/boot/autoconfigure/web/WebClientAutoConfigurationCustomizer> (0x00000000e11e7138) thrown at [C:\re\workspace\8-2-build-windows-amd64-cygwin\jdk8u60\4407\hotspot\src\share\vm\classfile\sys
Event: 15.272 Thread 0x0000000002d86000 Exception <a 'java/lang/ClassNotFoundException': org/springframework/boot/autoconfigure/web/WebClientAutoConfiguration$$EnhancerBySpringCGLIB$$4db5f032Customizer> (0x00000000e1206e58) thrown at [C:\re\workspace\8-2-build-windows-amd64-cygwin\jdk8u60\4407\hã?ƒ–¥‹.@
Event: 15.273 Thread 0x0000000002d86000 Exception <a 'java/lang/ClassNotFoundException': org/springframework/context/annotation/ConfigurationClassEnhancer$EnhancedConfigurationCustomizer> (0x00000000e1227b48) thrown at [C:\re\workspace\8-2-build-windows-amd64-cygwin\jdk8u60\4407\hotspot\src\sharuÌ˜©Œl.@

Events (10 events):
Event: 15.446 loading class java/nio/channels/CancelledKeyException
Event: 15.446 loading class java/nio/channels/CancelledKeyException done
Event: 15.447 loading class org/apache/tomcat/util/net/jsse/JSSEImplementation
Event: 15.447 loading class org/apache/tomcat/util/net/jsse/JSSEImplementation done
Event: 15.448 loading class org/apache/tomcat/util/net/SocketWrapperBase$CompletionCheck
Event: 15.448 loading class org/apache/tomcat/util/net/SocketWrapperBase$CompletionCheck done
Event: 15.452 Thread 0x0000000002d86000 DEOPT PACKING pc=0x0000000003859f2a sp=0x0000000002c0d910
Event: 15.452 Thread 0x0000000002d86000 DEOPT UNPACKING pc=0x0000000002ec71bf sp=0x0000000002c0d790 mode 0
Event: 15.453 Thread 0x0000000002d86000 DEOPT PACKING pc=0x0000000003859f2a sp=0x0000000002c0d910
Event: 15.453 Thread 0x0000000002d86000 DEOPT UNPACKING pc=0x0000000002ec71bf sp=0x0000000002c0d790 mode 0


Dynamic libraries:
0x00007ff757240000 - 0x00007ff757277000 	C:\Program Files\Java\jdk1.8.0_60\bin\java.exe
0x00007ffac54b0000 - 0x00007ffac565d000 	C:\WINDOWS\SYSTEM32\ntdll.dll
0x00007ffac31f0000 - 0x00007ffac332e000 	C:\WINDOWS\system32\KERNEL32.DLL
0x00007ffac2710000 - 0x00007ffac2826000 	C:\WINDOWS\system32\KERNELBASE.dll
0x00007ffac1150000 - 0x00007ffac11de000 	C:\WINDOWS\system32\apphelp.dll
0x00007ffab4b90000 - 0x00007ffab4be3000 	C:\WINDOWS\AppPatch\AppPatch64\AcGenral.DLL
0x00007ffac3510000 - 0x00007ffac35ba000 	C:\WINDOWS\system32\msvcrt.dll
0x00007ffac2880000 - 0x00007ffac28ae000 	C:\WINDOWS\system32\SspiCli.dll
0x00007ffac2fe0000 - 0x00007ffac3034000 	C:\WINDOWS\system32\SHLWAPI.dll
0x00007ffac3780000 - 0x00007ffac38f7000 	C:\WINDOWS\system32\USER32.dll
0x00007ffac3de0000 - 0x00007ffac3f74000 	C:\WINDOWS\system32\ole32.dll
0x00007ffac3f80000 - 0x00007ffac54ac000 	C:\WINDOWS\system32\SHELL32.dll
0x00007ffac1b80000 - 0x00007ffac1ba1000 	C:\WINDOWS\SYSTEM32\USERENV.dll
0x00007ffac3c10000 - 0x00007ffac3cba000 	C:\WINDOWS\system32\ADVAPI32.dll
0x00007ffab5ab0000 - 0x00007ffab5ace000 	C:\WINDOWS\SYSTEM32\MPR.dll
0x00007ffac2d10000 - 0x00007ffac2e50000 	C:\WINDOWS\system32\RPCRT4.dll
0x00007ffac2f80000 - 0x00007ffac2fd9000 	C:\WINDOWS\SYSTEM32\sechost.dll
0x00007ffac3900000 - 0x00007ffac3b12000 	C:\WINDOWS\SYSTEM32\combase.dll
0x00007ffac3040000 - 0x00007ffac318b000 	C:\WINDOWS\system32\GDI32.dll
0x00007ffac25e0000 - 0x00007ffac25f5000 	C:\WINDOWS\SYSTEM32\profapi.dll
0x00007ffac0dc0000 - 0x00007ffac0e72000 	C:\WINDOWS\SYSTEM32\SHCORE.dll
0x00007ffac3da0000 - 0x00007ffac3dd6000 	C:\WINDOWS\system32\IMM32.DLL
0x00007ffac2ba0000 - 0x00007ffac2cf1000 	C:\WINDOWS\system32\MSCTF.dll
0x00007ffac06e0000 - 0x00007ffac095b000 	C:\WINDOWS\WinSxS\amd64_microsoft.windows.common-controls_6595b64144ccf1df_6.0.9600.18006_none_623f33d3ecbe86e8\COMCTL32.dll
0x000000006c290000 - 0x000000006c362000 	C:\Program Files\Java\jdk1.8.0_60\jre\bin\msvcr100.dll
0x000000006ba00000 - 0x000000006c289000 	C:\Program Files\Java\jdk1.8.0_60\jre\bin\server\jvm.dll
0x00007ffaba200000 - 0x00007ffaba209000 	C:\WINDOWS\SYSTEM32\WSOCK32.dll
0x00007ffabe330000 - 0x00007ffabe352000 	C:\WINDOWS\SYSTEM32\WINMM.dll
0x00007ffac1640000 - 0x00007ffac164a000 	C:\WINDOWS\SYSTEM32\VERSION.dll
0x00007ffac35c0000 - 0x00007ffac35c7000 	C:\WINDOWS\system32\PSAPI.DLL
0x00007ffac2b40000 - 0x00007ffac2b9a000 	C:\WINDOWS\system32\WS2_32.dll
0x00007ffabdf90000 - 0x00007ffabdfba000 	C:\WINDOWS\SYSTEM32\WINMMBASE.dll
0x00007ffac3b20000 - 0x00007ffac3b29000 	C:\WINDOWS\system32\NSI.dll
0x00007ffac2830000 - 0x00007ffac287f000 	C:\WINDOWS\SYSTEM32\cfgmgr32.dll
0x00007ffac13b0000 - 0x00007ffac13d8000 	C:\WINDOWS\SYSTEM32\DEVOBJ.dll
0x000000006b9f0000 - 0x000000006b9ff000 	C:\Program Files\Java\jdk1.8.0_60\jre\bin\verify.dll
0x000000006b9c0000 - 0x000000006b9e9000 	C:\Program Files\Java\jdk1.8.0_60\jre\bin\java.dll
0x000000006b1e0000 - 0x000000006b203000 	C:\Program Files\Java\jdk1.8.0_60\jre\bin\instrument.dll
0x000000006b9a0000 - 0x000000006b9b6000 	C:\Program Files\Java\jdk1.8.0_60\jre\bin\zip.dll
0x00007ffabe5c0000 - 0x00007ffabe5da000 	C:\Program Files\JetBrains\IntelliJ IDEA 2017.1.2\bin\breakgen64.dll
0x000000006b890000 - 0x000000006b8aa000 	C:\Program Files\Java\jdk1.8.0_60\jre\bin\net.dll
0x00007ffac1f10000 - 0x00007ffac1f69000 	C:\WINDOWS\system32\mswsock.dll
0x000000006b990000 - 0x000000006b99d000 	C:\Program Files\Java\jdk1.8.0_60\jre\bin\management.dll
0x00007ffab8d00000 - 0x00007ffab8d15000 	C:\WINDOWS\system32\napinsp.dll
0x00007ffab8ce0000 - 0x00007ffab8cfa000 	C:\WINDOWS\system32\pnrpnsp.dll
0x00007ffabcac0000 - 0x00007ffabcadb000 	C:\WINDOWS\system32\NLAapi.dll
0x00007ffac1bb0000 - 0x00007ffac1c54000 	C:\WINDOWS\SYSTEM32\DNSAPI.dll
0x00007ffab8cd0000 - 0x00007ffab8cdd000 	C:\WINDOWS\System32\winrnr.dll
0x000000006dc00000 - 0x000000006dc26000 	C:\Program Files\Bonjour\mdnsNSP.dll
0x00007ffac1650000 - 0x00007ffac167a000 	C:\WINDOWS\SYSTEM32\Iphlpapi.DLL
0x00007ffac1630000 - 0x00007ffac163a000 	C:\WINDOWS\SYSTEM32\WINNSI.DLL
0x0000000018680000 - 0x00000000186b0000 	C:\WINDOWS\system32\xunyount64.dll
0x00007ffab7190000 - 0x00007ffab719a000 	C:\Windows\System32\rasadhlp.dll
0x00007ffabb7b0000 - 0x00007ffabb81b000 	C:\WINDOWS\System32\fwpuclnt.dll
0x000000006b870000 - 0x000000006b881000 	C:\Program Files\Java\jdk1.8.0_60\jre\bin\nio.dll
0x00007ffac1f70000 - 0x00007ffac1f90000 	C:\WINDOWS\SYSTEM32\CRYPTSP.dll
0x00007ffac1b40000 - 0x00007ffac1b76000 	C:\WINDOWS\system32\rsaenh.dll
0x00007ffac20c0000 - 0x00007ffac20e6000 	C:\WINDOWS\SYSTEM32\bcrypt.dll
0x00007ffac2440000 - 0x00007ffac24a3000 	C:\WINDOWS\system32\bcryptprimitives.dll
0x00007ffac24b0000 - 0x00007ffac24bb000 	C:\WINDOWS\SYSTEM32\CRYPTBASE.dll
0x00007ffabb4f0000 - 0x00007ffabb506000 	C:\WINDOWS\SYSTEM32\dhcpcsvc6.DLL
0x00007ffabb720000 - 0x00007ffabb73a000 	C:\WINDOWS\SYSTEM32\dhcpcsvc.DLL

VM Arguments:
jvm_args: -javaagent:C:\Program Files\JetBrains\IntelliJ IDEA 2017.1.2\lib\idea_rt.jar=40423:C:\Program Files\JetBrains\IntelliJ IDEA 2017.1.2\bin -Dfile.encoding=UTF-8 
java_command: com.jzw.user.Application
java_class_path (initial): C:\Program Files\Java\jdk1.8.0_60\jre\lib\charsets.jar;C:\Program Files\Java\jdk1.8.0_60\jre\lib\deploy.jar;C:\Program Files\Java\jdk1.8.0_60\jre\lib\ext\access-bridge-64.jar;C:\Program Files\Java\jdk1.8.0_60\jre\lib\ext\cldrdata.jar;C:\Program Files\Java\jdk1.8.0_60\jre\lib\ext\dnsns.jar;C:\Program Files\Java\jdk1.8.0_60\jre\lib\ext\jaccess.jar;C:\Program Files\Java\jdk1.8.0_60\jre\lib\ext\jfxrt.jar;C:\Program Files\Java\jdk1.8.0_60\jre\lib\ext\localedata.jar;C:\Program Files\Java\jdk1.8.0_60\jre\lib\ext\nashorn.jar;C:\Program Files\Java\jdk1.8.0_60\jre\lib\ext\sunec.jar;C:\Program Files\Java\jdk1.8.0_60\jre\lib\ext\sunjce_provider.jar;C:\Program Files\Java\jdk1.8.0_60\jre\lib\ext\sunmscapi.jar;C:\Program Files\Java\jdk1.8.0_60\jre\lib\ext\sunpkcs11.jar;C:\Program Files\Java\jdk1.8.0_60\jre\lib\ext\zipfs.jar;C:\Program Files\Java\jdk1.8.0_60\jre\lib\javaws.jar;C:\Program Files\Java\jdk1.8.0_60\jre\lib\jce.jar;C:\Program Files\Java\jdk1.8.0_60\jre\lib\jfr.jar;C:\Program Files\Java\jdk1.8.0_60\jre\lib\jfxswt.jar;C:\Program Files\Java\jdk1.8.0_60\jre\lib\jsse.jar;C:\Program Files\Java\jdk1.8.0_60\jre\lib\management-agent.jar;C:\Program Files\Java\jdk1.8.0_60\jre\lib\plugin.jar;C:\Program Files\Java\jdk1.8.0_60\jre\lib\resources.jar;C:\Program Files\Java\jdk1.8.0_60\jre\lib\rt.jar;C:\idea_projects\spring_cloud_project_template\projects\user-service\out\production\user-service;C:\Users\jiang\.m2\repository\com\jzw\common-utils\0.0.1-SNAPSHOT\common-utils-0.0.1-20180506.093714-1.jar;C:\Users\jiang\.m2\repository\com\jzw\user-service-api\0.0.1-SNAPSHOT\user-service-api-0.0.1-20180506.093809-2.jar;C:\Users\jiang\.gradle\caches\modules-2\files-2.1\org.springframework.boot\spring-boot-starter-web\1.5.8.RELEASE\7e0dc79e3b47be4539ad3c033639133ae6b7a17e\spring-boot-starter-web-1.5.8.RELEASE.jar;C:\Users\jiang\.gradle\caches\modules-2\files-2.1\org.springframework.boot\spring-boot-starter-data-redis\1.5.8.RELEASE\b595b09c5c5e4b13d2d4c488cb1b45859cdc6
Launcher Type: SUN_STANDARD

Environment Variables:
JAVA_HOME=C:\Program Files\Java\jdk1.8.0_60
CLASSPATH=.;C:\Program Files\Java\jdk1.8.0_60\lib;
PATH=C:\ProgramData\Oracle\Java\javapath;C:\Program Files (x86)\NVIDIA Corporation\PhysX\Common;C:\WINDOWS\system32;C:\WINDOWS;C:\WINDOWS\System32\Wbem;C:\WINDOWS\System32\WindowsPowerShell\v1.0\;C:\Program Files (x86)\Microsoft SQL Server\100\Tools\Binn\;C:\Program Files\Microsoft SQL Server\100\Tools\Binn\;C:\Program Files\Microsoft SQL Server\100\DTS\Binn\;C:\Program Files\Microsoft SQL Server\110\Tools\Binn\;C:\Program Files\Java\jdk1.8.0_60\bin;F:\adt-bundle\adt-bundle-windows-x86-20140702\adt-bundle-windows-x86-20140702\sdk\platforms;F:\adt-bundle\adt-bundle-windows-x86-20140702\adt-bundle-windows-x86-20140702\sdk\tools;F:\adt-bundle\adt-bundle-windows-x86-20140702\adt-bundle-windows-x86-20140702\sdk\platform-tools;;F:\ndk\android-ndk-r10b;F:\adt-bundle\adt-bundle-windows-x86-20140702\adt-bundle-windows-x86-20140702\sdk;F:\apache-ant-1.9.6\bin;C:\Program Files\VisualSVN Server\bin;C:\Program Files\Git\cmd;F:\cocos3\cocos2d-x-3.6\templates;F:\cocos3\cocos2d-x-3.6\tools\cocos2d-console\bin
USERNAME=jiang
OS=Windows_NT
PROCESSOR_IDENTIFIER=Intel64 Family 6 Model 23 Stepping 10, GenuineIntel



---------------  S Y S T E M  ---------------

OS: Windows 8.1 , 64 bit Build 9600 (6.3.9600.17415)

CPU:total 2 (2 cores per cpu, 1 threads per core) family 6 model 23 stepping 10, cmov, cx8, fxsr, mmx, sse, sse2, sse3, ssse3, sse4.1, tsc

Memory: 4k page, physical 6255204k(134732k free), swap 9400932k(6744k free)

vm_info: Java HotSpot(TM) 64-Bit Server VM (25.60-b23) for windows-amd64 JRE (1.8.0_60-b27), built on Aug  4 2015 11:06:27 by "java_re" with MS VC++ 10.0 (VS2010)

time: Sun May 06 18:32:51 2018
elapsed time: 15 seconds (0d 0h 0m 15s)

